<?xml version="1.0" encoding="UTF-8"?>
<testsuite xmlns:xsi="http://www.w3.org/2001/XMLSchema-instance" xsi:noNamespaceSchemaLocation="https://maven.apache.org/surefire/maven-surefire-plugin/xsd/surefire-test-report-3.0.xsd" version="3.0" name="AlunoDAOTest" time="4.132" tests="2" errors="0" skipped="0" failures="0">
  <properties>
[...]
</properties>
  <testcase name="testSalvarAluno" classname="AlunoDAOTest" time="4.032">
    <system-out><![CDATA[Hibernate: select a1_0.id,a1_0.altura,a1_0.cep,a1_0.classificacaoImc,a1_0.dataNascimento,a1_0.email,a1_0.foneCelular,a1_0.frequenciaSemanal,a1_0.logradouro,a1_0.nome,a1_0.peso,a1_0.responsavel_id from aluno a1_0 where a1_0.nome=?
]]></system-out>
    <system-err><![CDATA[jul. 24, 2024 6:12:26 PM org.hibernate.Version logVersion
INFO: HHH000412: Hibernate ORM core version 6.5.2.Final
jul. 24, 2024 6:12:27 PM org.hibernate.cache.internal.RegionFactoryInitiator initiateService
INFO: HHH000026: Second-level cache disabled
jul. 24, 2024 6:12:27 PM org.hibernate.engine.jdbc.connections.internal.DriverManagerConnectionProviderImpl configure
WARN: HHH10001002: Using built-in connection pool (not intended for production use)
jul. 24, 2024 6:12:27 PM org.hibernate.engine.jdbc.connections.internal.DriverManagerConnectionProviderImpl buildCreator
INFO: HHH10001005: Loaded JDBC driver class: org.postgresql.Driver
jul. 24, 2024 6:12:27 PM org.hibernate.engine.jdbc.connections.internal.DriverManagerConnectionProviderImpl buildCreator
INFO: HHH10001012: Connecting with JDBC URL [jdbc:postgresql://localhost:5432/postgres]
jul. 24, 2024 6:12:27 PM org.hibernate.engine.jdbc.connections.internal.DriverManagerConnectionProviderImpl buildCreator
INFO: HHH10001001: Connection properties: {password=****, user=postgres}
jul. 24, 2024 6:12:27 PM org.hibernate.engine.jdbc.connections.internal.DriverManagerConnectionProviderImpl buildCreator
INFO: HHH10001003: Autocommit mode: false
jul. 24, 2024 6:12:27 PM org.hibernate.engine.jdbc.connections.internal.DriverManagerConnectionProviderImpl$PooledConnections <init>
INFO: HHH10001115: Connection pool size: 20 (min=1)
jul. 24, 2024 6:12:27 PM org.hibernate.engine.jdbc.dialect.internal.DialectFactoryImpl constructDialect
WARN: HHH90000025: PostgreSQLDialect does not need to be specified explicitly using 'hibernate.dialect' (remove the property setting and it will be selected by default)
jul. 24, 2024 6:12:27 PM org.hibernate.resource.beans.spi.ManagedBeanRegistryInitiator resolveBeanContainer
INFO: HHH10005002: No explicit CDI BeanManager reference was passed to Hibernate, but CDI is available on the Hibernate ClassLoader.
jul. 24, 2024 6:12:29 PM org.hibernate.engine.transaction.jta.platform.internal.JtaPlatformInitiator initiateService
INFO: HHH000489: No JTA platform available (set 'hibernate.transaction.jta.platform' to enable JTA platform integration)
jul. 24, 2024 6:12:29 PM org.hibernate.resource.transaction.backend.jdbc.internal.DdlTransactionIsolatorNonJtaImpl getIsolatedConnection
INFO: HHH10001501: Connection obtained from JdbcConnectionAccess [org.hibernate.engine.jdbc.env.internal.JdbcEnvironmentInitiator$ConnectionProviderJdbcConnectionAccess@53016b11] for (non-JTA) DDL execution was not in auto-commit mode; the Connection 'local transaction' will be committed and the Connection will be set into auto-commit mode.
]]></system-err>
  </testcase>
  <testcase name="testListarTodos" classname="AlunoDAOTest" time="0.01">
    <system-out><![CDATA[Hibernate: select a1_0.id,a1_0.altura,a1_0.cep,a1_0.classificacaoImc,a1_0.dataNascimento,a1_0.email,a1_0.foneCelular,a1_0.frequenciaSemanal,a1_0.logradouro,a1_0.nome,a1_0.peso,a1_0.responsavel_id from aluno a1_0
Lista de alunos: [com.angeloabrita.academia.model.Aluno@4a890fdd, com.angeloabrita.academia.model.Aluno@3ca278bc, com.angeloabrita.academia.model.Aluno@2acb1264, com.angeloabrita.academia.model.Aluno@1f68e4e8, com.angeloabrita.academia.model.Aluno@351ede23, com.angeloabrita.academia.model.Aluno@5df7a065, com.angeloabrita.academia.model.Aluno@7c69e1e1, com.angeloabrita.academia.model.Aluno@1bc6c20d, com.angeloabrita.academia.model.Aluno@7a730479]
]]></system-out>
  </testcase>
</testsuite>